<?xml version="1.0" encoding="UTF-8"?>
<!-- Generated by org.testng.reporters.JUnitReportReporter -->
<testsuite hostname="DilipK-X1" failures="0" tests="2" name="test.SearchTest" time="3.591" errors="0" timestamp="2023-04-22T12:28:52 IST" skipped="0">
  <testcase classname="test.SearchTest" name="search" time="0.150"/>
  <system-out/>
  <testcase classname="test.SearchTest" name="serachBTN" time="3.441"/>
  <system-out/>
</testsuite> <!-- test.SearchTest -->
