<?xml version="1.0" encoding="UTF-8"?>
<!-- Generated by org.testng.reporters.JUnitReportReporter -->
<testsuite hostname="DilipK-X1" failures="0" tests="2" name="test.SearchTest" time="6.473" errors="0" timestamp="2023-04-23T12:34:37 IST" skipped="0">
  <testcase classname="test.SearchTest" name="serachBTN" time="6.271"/>
  <system-out/>
  <testcase classname="test.SearchTest" name="search" time="0.202"/>
  <system-out/>
</testsuite> <!-- test.SearchTest -->
