<?xml version="1.0" encoding="UTF-8"?>
<!-- Generated by org.testng.reporters.JUnitReportReporter -->
<testsuite hostname="DilipK-X1" failures="0" tests="2" name="test.SearchTest" time="10.601" errors="0" timestamp="2023-04-23T13:16:13 IST" skipped="0">
  <testcase classname="test.SearchTest" name="search" time="0.157"/>
  <system-out/>
  <testcase classname="test.SearchTest" name="serachBTN" time="10.444"/>
  <system-out/>
</testsuite> <!-- test.SearchTest -->
