<?xml version="1.0" encoding="UTF-8"?>
<!-- Generated by org.testng.reporters.JUnitReportReporter -->
<testsuite hostname="DilipK-X1" failures="0" tests="1" name="test.Test1" time="0.184" errors="0" timestamp="2023-04-22T11:58:49 IST" skipped="0">
  <testcase classname="test.Test1" name="search" time="0.184"/>
  <system-out/>
</testsuite> <!-- test.Test1 -->
